Arguments: 
  /usr/local/bin/node /usr/local/bin/yarn install

PATH: 
  /home/dylan/.gem/ruby/2.1.3/bin:/home/dylan/.rubies/ruby-2.1.3/lib/ruby/gems/2.1.0/bin:/home/dylan/.rubies/ruby-2.1.3/bin:/usr/local/heroku/bin:/home/dylan/.kiex/elixirs/elixir-1.3.3/bin:/home/dylan/.kiex/bin:/home/dylan/local/bin:/usr/local/heroku/bin:/home/dylan/.kiex/elixirs/elixir-1.3.3/bin:/home/dylan/.kiex/bin:/home/dylan/local/bin:/home/dylan/.kiex/elixirs/elixir-1.3.3/bin:/home/dylan/.kiex/bin:/home/dylan/local/bin:/home/dylan/bin:/usr/local/sbin:/usr/local/bin:/usr/sbin:/usr/bin:/sbin:/bin:/usr/games:/usr/local/games:/snap/bin:/home/dylan/bin:/home/dylan/.evm/erlang_versions/otp_src_19.0/bin:/home/dylan/.fzf/bin:/home/dylan/bin:/home/dylan/.evm/erlang_versions/otp_src_19.0/bin:/home/dylan/bin:/home/dylan/.evm/erlang_versions/otp_src_19.0/bin

Yarn version: 
  0.16.1

Node version: 
  5.2.0

Platform: 
  linux x64

npm manifest: 
  {
    "repository": {},
    "dependencies": {
      "typescript": "^1.8",
      "phoenix": "^1.2.0"
    }
  }

yarn manifest: 
  No manifest

bower manifest: 
  No manifest

Lockfile: 
  No lockfile

Trace: 
  TypeError: Cannot use 'in' operator to search for '^1.8' in undefined
      at /usr/local/lib/node_modules/yarn/lib/resolvers/registries/npm-resolver.js:62:24
      at next (native)
      at step (/usr/local/lib/node_modules/yarn/node_modules/babel-runtime/helpers/asyncToGenerator.js:17:30)
      at /usr/local/lib/node_modules/yarn/node_modules/babel-runtime/helpers/asyncToGenerator.js:35:14
      at new Promise (/usr/local/lib/node_modules/yarn/node_modules/core-js/library/modules/es6.promise.js:191:7)
      at /usr/local/lib/node_modules/yarn/node_modules/babel-runtime/helpers/asyncToGenerator.js:14:12
      at Function.findVersionInRegistryResponse (/usr/local/lib/node_modules/yarn/lib/resolvers/registries/npm-resolver.js:72:7)
      at /usr/local/lib/node_modules/yarn/lib/resolvers/registries/npm-resolver.js:89:34
      at next (native)
      at step (/usr/local/lib/node_modules/yarn/node_modules/babel-runtime/helpers/asyncToGenerator.js:17:30)
